INFO  2017-06-19 09:46:28,140 (Saros.java:220) Starting Saros 14.10.31 running:
  Java Version: 1.8.0_131
  Java Vendor: Oracle Corporation
  Eclipse Runtime Version: 3.12.0.v20160606-1342
  Operating System: Windows 10 (10.0)
  Hardware Architecture: amd64
INFO  2017-06-19 09:46:28,164 (SarosContext.java:153) creating Saros runtime context...
DEBUG 2017-06-19 09:46:28,195 (XMPPAccountStore.java:117) loading accounts from file: C:\Users\Pocho\.saros\config.dat
DEBUG 2017-06-19 09:46:28,361 (XMPPAccountStore.java:176) loaded 2 account(s)
INFO  2017-06-19 09:46:28,481 (SarosContext.java:199) successfully created Saros runtime context
DEBUG 2017-06-19 09:46:28,497 (DataTransferManager.java:467) used transport order for the current XMPP connection: [XMPP-Socks5-Transport, XMPP-IBB-Transport]
INFO  2017-06-19 09:46:28,514 (PreferenceInitializer.java:50) initializing preference default values
DEBUG 2017-06-19 09:46:28,543 (SarosAnnotation.java:117) resetting annotation colors
DEBUG 2017-06-19 09:46:28,548 (Saros.java:264) autogenerated favorite color id is: 0
DEBUG 2017-06-19 09:46:28,548 (Saros.java:430) skipping conversion of old XMPP accounts, because there are already new ones
DEBUG 2017-06-19 09:46:33,949 (WhiteboardManager.java:194) WhiteboardManager instantiated
DEBUG 2017-06-19 09:46:33,960 (DocumentRecord.java:93) Added Node: attr(149787639395819251) name=svg
DEBUG 2017-06-19 09:46:34,028 (XMPPConnectionService.java:439) started Socks5 proxy on port: 7777 [listening on all interfaces]
DEBUG 2017-06-19 09:46:34,835 (XMPPConnectionService.java:459) using autodetected addresses: [192.168.1.130, fd65:4147:6142:0:a49c:364e:e845:72a0, fd65:4147:6142:0:80d6:cd77:2f8a:79cc, fe80:0:0:0:a49c:364e:e845:72a0%wlan5, 2001:0:9d38:78cf:34d0:2a37:4577:8abc, fe80:0:0:0:34d0:2a37:4577:8abc%net4]
DEBUG 2017-06-19 09:46:34,840 (XMPPConnectionService.java:398)  new connection state == CONNECTING
DEBUG 2017-06-19 09:46:37,948 (XMPPConnectionService.java:398) tomiir@jabber.at/Saros new connection state == CONNECTED
DEBUG 2017-06-19 09:46:37,948 (DataTransferManager.java:467) used transport order for the current XMPP connection: [XMPP-Socks5-Transport, XMPP-IBB-Transport]
DEBUG 2017-06-19 09:46:37,952 (SkypeManager.java:289) Refreshing Skype username cache...
WARN  2017-06-19 09:46:45,013 (StunServiceImpl.java:420) received no response from STUN server stunserver.org/184.168.221.96:3478 at local address /192.168.1.130:0
DEBUG 2017-06-19 09:46:45,058 (XMPPConnectionService.java:398) tomiir@jabber.at/Saros new connection state == DISCONNECTING
DEBUG 2017-06-19 09:46:45,213 (XMPPConnectionService.java:398)  new connection state == NOT_CONNECTED
DEBUG 2017-06-19 09:46:45,216 (UPnPServiceImpl.java:295) deleting existing port mappings
